<?xml version="1.0" encoding="UTF-8"?>
<!-- Generated by org.testng.reporters.JUnitXMLReporter -->
<testsuite ignored="0" hostname="LAPTOP-FO269EOH" failures="1" tests="1" name="Test" time="6.577" errors="0" timestamp="2022-10-10T14:31:35 IST">
  <testcase classname="Tests.UserRegistration_Test" name="registerNewUser" time="1.38">
    <failure type="java.lang.AssertionError">
      <![CDATA[java.lang.AssertionError
at org.junit.Assert.fail(Assert.java:86)
at org.junit.Assert.assertTrue(Assert.java:41)
at org.junit.Assert.assertTrue(Assert.java:52)
at Tests.UserRegistration_Test.registerNewUser(UserRegistration_Test.java:67)
at java.base/java.util.ArrayList.forEach(ArrayList.java:1511)
... Removed 27 stack frames]]>
    </failure>
  </testcase> <!-- registerNewUser -->
</testsuite> <!-- Test -->
